<?xml version="1.0" encoding="UTF-8"?>
<testsuite xmlns:xsi="http://www.w3.org/2001/XMLSchema-instance" xsi:noNamespaceSchemaLocation="https://maven.apache.org/surefire/maven-surefire-plugin/xsd/surefire-test-report.xsd" name="com.example.authority.AuthorityCenterApplicationTest" time="7.965" tests="2" errors="1" skipped="0" failures="0">
  <properties>
[...]
</properties>
  <testcase name="test" classname="com.example.authority.AuthorityCenterApplicationTest" time="0.929">
    <error message="&#10;### Error updating database.  Cause: java.sql.SQLIntegrityConstraintViolationException: Duplicate entry &apos;zengshen.com&apos; for key &apos;t_ecommerce_user.username&apos;&#10;### The error may exist in file [E:\java-web-project\microservices-data--sharing-project\authority-center\target\classes\mapping\TEcommerceUserMapper.xml]&#10;### The error may involve com.example.authority.mapper.TEcommerceUserMapper.insert-Inline&#10;### The error occurred while setting parameters&#10;### SQL: insert into t_ecommerce_user (username, `password`, extra_info,        create_time, update_time)     values (?, ?, ?,        ?, ?)&#10;### Cause: java.sql.SQLIntegrityConstraintViolationException: Duplicate entry &apos;zengshen.com&apos; for key &apos;t_ecommerce_user.username&apos;&#10;; Duplicate entry &apos;zengshen.com&apos; for key &apos;t_ecommerce_user.username&apos;; nested exception is java.sql.SQLIntegrityConstraintViolationException: Duplicate entry &apos;zengshen.com&apos; for key &apos;t_ecommerce_user.username&apos;" type="org.springframework.dao.DuplicateKeyException">org.springframework.dao.DuplicateKeyException: 

### Error updating database.  Cause: java.sql.SQLIntegrityConstraintViolationException: Duplicate entry 'zengshen.com' for key 't_ecommerce_user.username'
### The error may exist in file [E:\java-web-project\microservices-data--sharing-project\authority-center\target\classes\mapping\TEcommerceUserMapper.xml]
### The error may involve com.example.authority.mapper.TEcommerceUserMapper.insert-Inline
### The error occurred while setting parameters
### SQL: insert into t_ecommerce_user (username, `password`, extra_info,        create_time, update_time)     values (?, ?, ?,        ?, ?)
### Cause: java.sql.SQLIntegrityConstraintViolationException: Duplicate entry 'zengshen.com' for key 't_ecommerce_user.username'
; Duplicate entry 'zengshen.com' for key 't_ecommerce_user.username'; nested exception is java.sql.SQLIntegrityConstraintViolationException: Duplicate entry 'zengshen.com' for key 't_ecommerce_user.username'
	at com.example.authority.AuthorityCenterApplicationTest.test(AuthorityCenterApplicationTest.java:31)
Caused by: java.sql.SQLIntegrityConstraintViolationException: Duplicate entry 'zengshen.com' for key 't_ecommerce_user.username'
	at com.example.authority.AuthorityCenterApplicationTest.test(AuthorityCenterApplicationTest.java:31)
</error>
    <system-out><![CDATA[21:50:19.309 [main] DEBUG org.springframework.test.context.junit4.SpringJUnit4ClassRunner - SpringJUnit4ClassRunner constructor called with [class com.example.authority.AuthorityCenterApplicationTest]
21:50:19.325 [main] DEBUG org.springframework.test.context.BootstrapUtils - Instantiating CacheAwareContextLoaderDelegate from class [org.springframework.test.context.cache.DefaultCacheAwareContextLoaderDelegate]
21:50:19.325 [main] DEBUG org.springframework.test.context.BootstrapUtils - Instantiating BootstrapContext using constructor [public org.springframework.test.context.support.DefaultBootstrapContext(java.lang.Class,org.springframework.test.context.CacheAwareContextLoaderDelegate)]
21:50:19.369 [main] DEBUG org.springframework.test.context.BootstrapUtils - Instantiating TestContextBootstrapper for test class [com.example.authority.AuthorityCenterApplicationTest] from class [org.springframework.boot.test.context.SpringBootTestContextBootstrapper]
21:50:19.385 [main] INFO org.springframework.boot.test.context.SpringBootTestContextBootstrapper - Neither @ContextConfiguration nor @ContextHierarchy found for test class [com.example.authority.AuthorityCenterApplicationTest], using SpringBootContextLoader
21:50:19.385 [main] DEBUG org.springframework.test.context.support.AbstractContextLoader - Did not detect default resource location for test class [com.example.authority.AuthorityCenterApplicationTest]: class path resource [com/example/authority/AuthorityCenterApplicationTest-context.xml] does not exist
21:50:19.385 [main] DEBUG org.springframework.test.context.support.AbstractContextLoader - Did not detect default resource location for test class [com.example.authority.AuthorityCenterApplicationTest]: class path resource [com/example/authority/AuthorityCenterApplicationTestContext.groovy] does not exist
21:50:19.385 [main] INFO org.springframework.test.context.support.AbstractContextLoader - Could not detect default resource locations for test class [com.example.authority.AuthorityCenterApplicationTest]: no resource found for suffixes {-context.xml, Context.groovy}.
21:50:19.385 [main] INFO org.springframework.test.context.support.AnnotationConfigContextLoaderUtils - Could not detect default configuration classes for test class [com.example.authority.AuthorityCenterApplicationTest]: AuthorityCenterApplicationTest does not declare any static, non-private, non-final, nested classes annotated with @Configuration.
21:50:19.433 [main] DEBUG org.springframework.test.context.support.ActiveProfilesUtils - Could not find an 'annotation declaring class' for annotation type [org.springframework.test.context.ActiveProfiles] and class [com.example.authority.AuthorityCenterApplicationTest]
21:50:19.512 [main] DEBUG org.springframework.context.annotation.ClassPathScanningCandidateComponentProvider - Identified candidate component class: file [E:\java-web-project\microservices-data--sharing-project\authority-center\target\classes\com\example\authority\AuthorityCenterApplication.class]
21:50:19.512 [main] INFO org.springframework.boot.test.context.SpringBootTestContextBootstrapper - Found @SpringBootConfiguration com.example.authority.AuthorityCenterApplication for test class com.example.authority.AuthorityCenterApplicationTest
21:50:19.617 [main] DEBUG org.springframework.boot.test.context.SpringBootTestContextBootstrapper - @TestExecutionListeners is not present for class [com.example.authority.AuthorityCenterApplicationTest]: using defaults.
21:50:19.617 [main] INFO org.springframework.boot.test.context.SpringBootTestContextBootstrapper - Loaded default TestExecutionListener class names from location [META-INF/spring.factories]: [org.springframework.boot.test.mock.mockito.MockitoTestExecutionListener, org.springframework.boot.test.mock.mockito.ResetMocksTestExecutionListener, org.springframework.boot.test.autoconfigure.restdocs.RestDocsTestExecutionListener, org.springframework.boot.test.autoconfigure.web.client.MockRestServiceServerResetTestExecutionListener, org.springframework.boot.test.autoconfigure.web.servlet.MockMvcPrintOnlyOnFailureTestExecutionListener, org.springframework.boot.test.autoconfigure.web.servlet.WebDriverTestExecutionListener, org.springframework.test.context.web.ServletTestExecutionListener, org.springframework.test.context.support.DirtiesContextBeforeModesTestExecutionListener, org.springframework.test.context.support.DependencyInjectionTestExecutionListener, org.springframework.test.context.support.DirtiesContextTestExecutionListener, org.springframework.test.context.transaction.TransactionalTestExecutionListener, org.springframework.test.context.jdbc.SqlScriptsTestExecutionListener, org.springframework.test.context.event.EventPublishingTestExecutionListener]
21:50:19.632 [main] INFO org.springframework.boot.test.context.SpringBootTestContextBootstrapper - Using TestExecutionListeners: [org.springframework.test.context.web.ServletTestExecutionListener@30b19518, org.springframework.test.context.support.DirtiesContextBeforeModesTestExecutionListener@363042d7, org.springframework.boot.test.mock.mockito.MockitoTestExecutionListener@366ac49b, org.springframework.boot.test.autoconfigure.SpringBootDependencyInjectionTestExecutionListener@6ad59d92, org.springframework.test.context.support.DirtiesContextTestExecutionListener@56f0cc85, org.springframework.test.context.transaction.TransactionalTestExecutionListener@62e20a76, org.springframework.test.context.jdbc.SqlScriptsTestExecutionListener@2cc44ad, org.springframework.test.context.event.EventPublishingTestExecutionListener@44b3606b, org.springframework.boot.test.mock.mockito.ResetMocksTestExecutionListener@1477089c, org.springframework.boot.test.autoconfigure.restdocs.RestDocsTestExecutionListener@663411de, org.springframework.boot.test.autoconfigure.web.client.MockRestServiceServerResetTestExecutionListener@63dd899, org.springframework.boot.test.autoconfigure.web.servlet.MockMvcPrintOnlyOnFailureTestExecutionListener@59d2400d, org.springframework.boot.test.autoconfigure.web.servlet.WebDriverTestExecutionListener@75cd8043]
21:50:19.648 [main] DEBUG org.springframework.test.annotation.ProfileValueUtils - Retrieved @ProfileValueSourceConfiguration [null] for test class [com.example.authority.AuthorityCenterApplicationTest]
21:50:19.648 [main] DEBUG org.springframework.test.annotation.ProfileValueUtils - Retrieved ProfileValueSource type [class org.springframework.test.annotation.SystemProfileValueSource] for class [com.example.authority.AuthorityCenterApplicationTest]
21:50:19.680 [main] DEBUG org.springframework.test.context.junit4.SpringJUnit4ClassRunner - SpringJUnit4ClassRunner constructor called with [class com.example.authority.service.impl.JWTServiceTest]
21:50:19.680 [main] DEBUG org.springframework.test.context.BootstrapUtils - Instantiating CacheAwareContextLoaderDelegate from class [org.springframework.test.context.cache.DefaultCacheAwareContextLoaderDelegate]
21:50:19.680 [main] DEBUG org.springframework.test.context.BootstrapUtils - Instantiating BootstrapContext using constructor [public org.springframework.test.context.support.DefaultBootstrapContext(java.lang.Class,org.springframework.test.context.CacheAwareContextLoaderDelegate)]
21:50:19.680 [main] DEBUG org.springframework.test.context.BootstrapUtils - Instantiating TestContextBootstrapper for test class [com.example.authority.service.impl.JWTServiceTest] from class [org.springframework.boot.test.context.SpringBootTestContextBootstrapper]
21:50:19.680 [main] INFO org.springframework.boot.test.context.SpringBootTestContextBootstrapper - Neither @ContextConfiguration nor @ContextHierarchy found for test class [com.example.authority.service.impl.JWTServiceTest], using SpringBootContextLoader
21:50:19.680 [main] DEBUG org.springframework.test.context.support.AbstractContextLoader - Did not detect default resource location for test class [com.example.authority.service.impl.JWTServiceTest]: class path resource [com/example/authority/service/impl/JWTServiceTest-context.xml] does not exist
21:50:19.680 [main] DEBUG org.springframework.test.context.support.AbstractContextLoader - Did not detect default resource location for test class [com.example.authority.service.impl.JWTServiceTest]: class path resource [com/example/authority/service/impl/JWTServiceTestContext.groovy] does not exist
21:50:19.680 [main] INFO org.springframework.test.context.support.AbstractContextLoader - Could not detect default resource locations for test class [com.example.authority.service.impl.JWTServiceTest]: no resource found for suffixes {-context.xml, Context.groovy}.
21:50:19.680 [main] INFO org.springframework.test.context.support.AnnotationConfigContextLoaderUtils - Could not detect default configuration classes for test class [com.example.authority.service.impl.JWTServiceTest]: JWTServiceTest does not declare any static, non-private, non-final, nested classes annotated with @Configuration.
21:50:19.680 [main] DEBUG org.springframework.test.context.support.ActiveProfilesUtils - Could not find an 'annotation declaring class' for annotation type [org.springframework.test.context.ActiveProfiles] and class [com.example.authority.service.impl.JWTServiceTest]
21:50:19.695 [main] DEBUG org.springframework.context.annotation.ClassPathScanningCandidateComponentProvider - Identified candidate component class: file [E:\java-web-project\microservices-data--sharing-project\authority-center\target\classes\com\example\authority\AuthorityCenterApplication.class]
21:50:19.695 [main] INFO org.springframework.boot.test.context.SpringBootTestContextBootstrapper - Found @SpringBootConfiguration com.example.authority.AuthorityCenterApplication for test class com.example.authority.service.impl.JWTServiceTest
21:50:19.695 [main] DEBUG org.springframework.boot.test.context.SpringBootTestContextBootstrapper - @TestExecutionListeners is not present for class [com.example.authority.service.impl.JWTServiceTest]: using defaults.
21:50:19.695 [main] INFO org.springframework.boot.test.context.SpringBootTestContextBootstrapper - Loaded default TestExecutionListener class names from location [META-INF/spring.factories]: [org.springframework.boot.test.mock.mockito.MockitoTestExecutionListener, org.springframework.boot.test.mock.mockito.ResetMocksTestExecutionListener, org.springframework.boot.test.autoconfigure.restdocs.RestDocsTestExecutionListener, org.springframework.boot.test.autoconfigure.web.client.MockRestServiceServerResetTestExecutionListener, org.springframework.boot.test.autoconfigure.web.servlet.MockMvcPrintOnlyOnFailureTestExecutionListener, org.springframework.boot.test.autoconfigure.web.servlet.WebDriverTestExecutionListener, org.springframework.test.context.web.ServletTestExecutionListener, org.springframework.test.context.support.DirtiesContextBeforeModesTestExecutionListener, org.springframework.test.context.support.DependencyInjectionTestExecutionListener, org.springframework.test.context.support.DirtiesContextTestExecutionListener, org.springframework.test.context.transaction.TransactionalTestExecutionListener, org.springframework.test.context.jdbc.SqlScriptsTestExecutionListener, org.springframework.test.context.event.EventPublishingTestExecutionListener]
21:50:19.695 [main] INFO org.springframework.boot.test.context.SpringBootTestContextBootstrapper - Using TestExecutionListeners: [org.springframework.test.context.web.ServletTestExecutionListener@13518f37, org.springframework.test.context.support.DirtiesContextBeforeModesTestExecutionListener@7cbc3762, org.springframework.boot.test.mock.mockito.MockitoTestExecutionListener@3a6f2de3, org.springframework.boot.test.autoconfigure.SpringBootDependencyInjectionTestExecutionListener@49872d67, org.springframework.test.context.support.DirtiesContextTestExecutionListener@56303b57, org.springframework.test.context.transaction.TransactionalTestExecutionListener@4b2a01d4, org.springframework.test.context.jdbc.SqlScriptsTestExecutionListener@8692d67, org.springframework.test.context.event.EventPublishingTestExecutionListener@78f5c518, org.springframework.boot.test.mock.mockito.ResetMocksTestExecutionListener@2f48b3d2, org.springframework.boot.test.autoconfigure.restdocs.RestDocsTestExecutionListener@34f7234e, org.springframework.boot.test.autoconfigure.web.client.MockRestServiceServerResetTestExecutionListener@753432a2, org.springframework.boot.test.autoconfigure.web.servlet.MockMvcPrintOnlyOnFailureTestExecutionListener@23bff419, org.springframework.boot.test.autoconfigure.web.servlet.WebDriverTestExecutionListener@4983159f]
21:50:19.695 [main] DEBUG org.springframework.test.annotation.ProfileValueUtils - Retrieved @ProfileValueSourceConfiguration [null] for test class [com.example.authority.service.impl.JWTServiceTest]
21:50:19.695 [main] DEBUG org.springframework.test.annotation.ProfileValueUtils - Retrieved ProfileValueSource type [class org.springframework.test.annotation.SystemProfileValueSource] for class [com.example.authority.service.impl.JWTServiceTest]
21:50:19.695 [main] DEBUG org.springframework.test.context.junit4.SpringJUnit4ClassRunner - SpringJUnit4ClassRunner constructor called with [class com.example.authority.service.RSATest]
21:50:19.695 [main] DEBUG org.springframework.test.context.BootstrapUtils - Instantiating CacheAwareContextLoaderDelegate from class [org.springframework.test.context.cache.DefaultCacheAwareContextLoaderDelegate]
21:50:19.695 [main] DEBUG org.springframework.test.context.BootstrapUtils - Instantiating BootstrapContext using constructor [public org.springframework.test.context.support.DefaultBootstrapContext(java.lang.Class,org.springframework.test.context.CacheAwareContextLoaderDelegate)]
21:50:19.695 [main] DEBUG org.springframework.test.context.BootstrapUtils - Instantiating TestContextBootstrapper for test class [com.example.authority.service.RSATest] from class [org.springframework.boot.test.context.SpringBootTestContextBootstrapper]
21:50:19.695 [main] INFO org.springframework.boot.test.context.SpringBootTestContextBootstrapper - Neither @ContextConfiguration nor @ContextHierarchy found for test class [com.example.authority.service.RSATest], using SpringBootContextLoader
21:50:19.695 [main] DEBUG org.springframework.test.context.support.AbstractContextLoader - Did not detect default resource location for test class [com.example.authority.service.RSATest]: class path resource [com/example/authority/service/RSATest-context.xml] does not exist
21:50:19.695 [main] DEBUG org.springframework.test.context.support.AbstractContextLoader - Did not detect default resource location for test class [com.example.authority.service.RSATest]: class path resource [com/example/authority/service/RSATestContext.groovy] does not exist
21:50:19.695 [main] INFO org.springframework.test.context.support.AbstractContextLoader - Could not detect default resource locations for test class [com.example.authority.service.RSATest]: no resource found for suffixes {-context.xml, Context.groovy}.
21:50:19.695 [main] INFO org.springframework.test.context.support.AnnotationConfigContextLoaderUtils - Could not detect default configuration classes for test class [com.example.authority.service.RSATest]: RSATest does not declare any static, non-private, non-final, nested classes annotated with @Configuration.
21:50:19.711 [main] DEBUG org.springframework.test.context.support.ActiveProfilesUtils - Could not find an 'annotation declaring class' for annotation type [org.springframework.test.context.ActiveProfiles] and class [com.example.authority.service.RSATest]
21:50:19.711 [main] DEBUG org.springframework.context.annotation.ClassPathScanningCandidateComponentProvider - Identified candidate component class: file [E:\java-web-project\microservices-data--sharing-project\authority-center\target\classes\com\example\authority\AuthorityCenterApplication.class]
21:50:19.711 [main] INFO org.springframework.boot.test.context.SpringBootTestContextBootstrapper - Found @SpringBootConfiguration com.example.authority.AuthorityCenterApplication for test class com.example.authority.service.RSATest
21:50:19.711 [main] DEBUG org.springframework.boot.test.context.SpringBootTestContextBootstrapper - @TestExecutionListeners is not present for class [com.example.authority.service.RSATest]: using defaults.
21:50:19.711 [main] INFO org.springframework.boot.test.context.SpringBootTestContextBootstrapper - Loaded default TestExecutionListener class names from location [META-INF/spring.factories]: [org.springframework.boot.test.mock.mockito.MockitoTestExecutionListener, org.springframework.boot.test.mock.mockito.ResetMocksTestExecutionListener, org.springframework.boot.test.autoconfigure.restdocs.RestDocsTestExecutionListener, org.springframework.boot.test.autoconfigure.web.client.MockRestServiceServerResetTestExecutionListener, org.springframework.boot.test.autoconfigure.web.servlet.MockMvcPrintOnlyOnFailureTestExecutionListener, org.springframework.boot.test.autoconfigure.web.servlet.WebDriverTestExecutionListener, org.springframework.test.context.web.ServletTestExecutionListener, org.springframework.test.context.support.DirtiesContextBeforeModesTestExecutionListener, org.springframework.test.context.support.DependencyInjectionTestExecutionListener, org.springframework.test.context.support.DirtiesContextTestExecutionListener, org.springframework.test.context.transaction.TransactionalTestExecutionListener, org.springframework.test.context.jdbc.SqlScriptsTestExecutionListener, org.springframework.test.context.event.EventPublishingTestExecutionListener]
21:50:19.711 [main] INFO org.springframework.boot.test.context.SpringBootTestContextBootstrapper - Using TestExecutionListeners: [org.springframework.test.context.web.ServletTestExecutionListener@44040454, org.springframework.test.context.support.DirtiesContextBeforeModesTestExecutionListener@65fe9e33, org.springframework.boot.test.mock.mockito.MockitoTestExecutionListener@18bc345, org.springframework.boot.test.autoconfigure.SpringBootDependencyInjectionTestExecutionListener@42f8285e, org.springframework.test.context.support.DirtiesContextTestExecutionListener@26bab2f1, org.springframework.test.context.transaction.TransactionalTestExecutionListener@3724af13, org.springframework.test.context.jdbc.SqlScriptsTestExecutionListener@68ead359, org.springframework.test.context.event.EventPublishingTestExecutionListener@6b53bcc2, org.springframework.boot.test.mock.mockito.ResetMocksTestExecutionListener@180da663, org.springframework.boot.test.autoconfigure.restdocs.RestDocsTestExecutionListener@a43ce46, org.springframework.boot.test.autoconfigure.web.client.MockRestServiceServerResetTestExecutionListener@340da44c, org.springframework.boot.test.autoconfigure.web.servlet.MockMvcPrintOnlyOnFailureTestExecutionListener@424ebba3, org.springframework.boot.test.autoconfigure.web.servlet.WebDriverTestExecutionListener@37052337]
21:50:19.711 [main] DEBUG org.springframework.test.annotation.ProfileValueUtils - Retrieved @ProfileValueSourceConfiguration [null] for test class [com.example.authority.service.RSATest]
21:50:19.711 [main] DEBUG org.springframework.test.annotation.ProfileValueUtils - Retrieved ProfileValueSource type [class org.springframework.test.annotation.SystemProfileValueSource] for class [com.example.authority.service.RSATest]
21:50:19.726 [main] DEBUG org.springframework.test.context.junit4.SpringJUnit4ClassRunner - SpringJUnit4ClassRunner constructor called with [class com.example.authority.AuthorityCenterApplicationTest]
21:50:19.726 [main] DEBUG org.springframework.test.context.BootstrapUtils - Instantiating CacheAwareContextLoaderDelegate from class [org.springframework.test.context.cache.DefaultCacheAwareContextLoaderDelegate]
21:50:19.726 [main] DEBUG org.springframework.test.context.BootstrapUtils - Instantiating BootstrapContext using constructor [public org.springframework.test.context.support.DefaultBootstrapContext(java.lang.Class,org.springframework.test.context.CacheAwareContextLoaderDelegate)]
21:50:19.732 [main] DEBUG org.springframework.test.context.BootstrapUtils - Instantiating TestContextBootstrapper for test class [com.example.authority.AuthorityCenterApplicationTest] from class [org.springframework.boot.test.context.SpringBootTestContextBootstrapper]
21:50:19.732 [main] INFO org.springframework.boot.test.context.SpringBootTestContextBootstrapper - Neither @ContextConfiguration nor @ContextHierarchy found for test class [com.example.authority.AuthorityCenterApplicationTest], using SpringBootContextLoader
21:50:19.732 [main] DEBUG org.springframework.test.context.support.AbstractContextLoader - Did not detect default resource location for test class [com.example.authority.AuthorityCenterApplicationTest]: class path resource [com/example/authority/AuthorityCenterApplicationTest-context.xml] does not exist
21:50:19.732 [main] DEBUG org.springframework.test.context.support.AbstractContextLoader - Did not detect default resource location for test class [com.example.authority.AuthorityCenterApplicationTest]: class path resource [com/example/authority/AuthorityCenterApplicationTestContext.groovy] does not exist
21:50:19.732 [main] INFO org.springframework.test.context.support.AbstractContextLoader - Could not detect default resource locations for test class [com.example.authority.AuthorityCenterApplicationTest]: no resource found for suffixes {-context.xml, Context.groovy}.
21:50:19.732 [main] INFO org.springframework.test.context.support.AnnotationConfigContextLoaderUtils - Could not detect default configuration classes for test class [com.example.authority.AuthorityCenterApplicationTest]: AuthorityCenterApplicationTest does not declare any static, non-private, non-final, nested classes annotated with @Configuration.
21:50:19.732 [main] DEBUG org.springframework.test.context.support.ActiveProfilesUtils - Could not find an 'annotation declaring class' for annotation type [org.springframework.test.context.ActiveProfiles] and class [com.example.authority.AuthorityCenterApplicationTest]
21:50:19.732 [main] INFO org.springframework.boot.test.context.SpringBootTestContextBootstrapper - Found @SpringBootConfiguration com.example.authority.AuthorityCenterApplication for test class com.example.authority.AuthorityCenterApplicationTest
21:50:19.732 [main] DEBUG org.springframework.boot.test.context.SpringBootTestContextBootstrapper - @TestExecutionListeners is not present for class [com.example.authority.AuthorityCenterApplicationTest]: using defaults.
21:50:19.732 [main] INFO org.springframework.boot.test.context.SpringBootTestContextBootstrapper - Loaded default TestExecutionListener class names from location [META-INF/spring.factories]: [org.springframework.boot.test.mock.mockito.MockitoTestExecutionListener, org.springframework.boot.test.mock.mockito.ResetMocksTestExecutionListener, org.springframework.boot.test.autoconfigure.restdocs.RestDocsTestExecutionListener, org.springframework.boot.test.autoconfigure.web.client.MockRestServiceServerResetTestExecutionListener, org.springframework.boot.test.autoconfigure.web.servlet.MockMvcPrintOnlyOnFailureTestExecutionListener, org.springframework.boot.test.autoconfigure.web.servlet.WebDriverTestExecutionListener, org.springframework.test.context.web.ServletTestExecutionListener, org.springframework.test.context.support.DirtiesContextBeforeModesTestExecutionListener, org.springframework.test.context.support.DependencyInjectionTestExecutionListener, org.springframework.test.context.support.DirtiesContextTestExecutionListener, org.springframework.test.context.transaction.TransactionalTestExecutionListener, org.springframework.test.context.jdbc.SqlScriptsTestExecutionListener, org.springframework.test.context.event.EventPublishingTestExecutionListener]
21:50:19.732 [main] INFO org.springframework.boot.test.context.SpringBootTestContextBootstrapper - Using TestExecutionListeners: [org.springframework.test.context.web.ServletTestExecutionListener@2d36e77e, org.springframework.test.context.support.DirtiesContextBeforeModesTestExecutionListener@61c9c3fd, org.springframework.boot.test.mock.mockito.MockitoTestExecutionListener@3b0c9195, org.springframework.boot.test.autoconfigure.SpringBootDependencyInjectionTestExecutionListener@366c4480, org.springframework.test.context.support.DirtiesContextTestExecutionListener@2c7b5824, org.springframework.test.context.transaction.TransactionalTestExecutionListener@302a07d, org.springframework.test.context.jdbc.SqlScriptsTestExecutionListener@5cdd09b1, org.springframework.test.context.event.EventPublishingTestExecutionListener@8c11eee, org.springframework.boot.test.mock.mockito.ResetMocksTestExecutionListener@7e8dcdaa, org.springframework.boot.test.autoconfigure.restdocs.RestDocsTestExecutionListener@681a8b4e, org.springframework.boot.test.autoconfigure.web.client.MockRestServiceServerResetTestExecutionListener@5cbe877d, org.springframework.boot.test.autoconfigure.web.servlet.MockMvcPrintOnlyOnFailureTestExecutionListener@5c08c46a, org.springframework.boot.test.autoconfigure.web.servlet.WebDriverTestExecutionListener@4cf8b2dc]
21:50:19.732 [main] DEBUG org.springframework.test.annotation.ProfileValueUtils - Retrieved @ProfileValueSourceConfiguration [null] for test class [com.example.authority.AuthorityCenterApplicationTest]
21:50:19.732 [main] DEBUG org.springframework.test.annotation.ProfileValueUtils - Retrieved ProfileValueSource type [class org.springframework.test.annotation.SystemProfileValueSource] for class [com.example.authority.AuthorityCenterApplicationTest]
21:50:19.732 [main] DEBUG org.springframework.test.context.junit4.SpringJUnit4ClassRunner - SpringJUnit4ClassRunner constructor called with [class com.example.authority.service.impl.JWTServiceTest]
21:50:19.732 [main] DEBUG org.springframework.test.context.BootstrapUtils - Instantiating CacheAwareContextLoaderDelegate from class [org.springframework.test.context.cache.DefaultCacheAwareContextLoaderDelegate]
21:50:19.732 [main] DEBUG org.springframework.test.context.BootstrapUtils - Instantiating BootstrapContext using constructor [public org.springframework.test.context.support.DefaultBootstrapContext(java.lang.Class,org.springframework.test.context.CacheAwareContextLoaderDelegate)]
21:50:19.732 [main] DEBUG org.springframework.test.context.BootstrapUtils - Instantiating TestContextBootstrapper for test class [com.example.authority.service.impl.JWTServiceTest] from class [org.springframework.boot.test.context.SpringBootTestContextBootstrapper]
21:50:19.732 [main] INFO org.springframework.boot.test.context.SpringBootTestContextBootstrapper - Neither @ContextConfiguration nor @ContextHierarchy found for test class [com.example.authority.service.impl.JWTServiceTest], using SpringBootContextLoader
21:50:19.732 [main] DEBUG org.springframework.test.context.support.AbstractContextLoader - Did not detect default resource location for test class [com.example.authority.service.impl.JWTServiceTest]: class path resource [com/example/authority/service/impl/JWTServiceTest-context.xml] does not exist
21:50:19.732 [main] DEBUG org.springframework.test.context.support.AbstractContextLoader - Did not detect default resource location for test class [com.example.authority.service.impl.JWTServiceTest]: class path resource [com/example/authority/service/impl/JWTServiceTestContext.groovy] does not exist
21:50:19.732 [main] INFO org.springframework.test.context.support.AbstractContextLoader - Could not detect default resource locations for test class [com.example.authority.service.impl.JWTServiceTest]: no resource found for suffixes {-context.xml, Context.groovy}.
21:50:19.732 [main] INFO org.springframework.test.context.support.AnnotationConfigContextLoaderUtils - Could not detect default configuration classes for test class [com.example.authority.service.impl.JWTServiceTest]: JWTServiceTest does not declare any static, non-private, non-final, nested classes annotated with @Configuration.
21:50:19.732 [main] DEBUG org.springframework.test.context.support.ActiveProfilesUtils - Could not find an 'annotation declaring class' for annotation type [org.springframework.test.context.ActiveProfiles] and class [com.example.authority.service.impl.JWTServiceTest]
21:50:19.732 [main] INFO org.springframework.boot.test.context.SpringBootTestContextBootstrapper - Found @SpringBootConfiguration com.example.authority.AuthorityCenterApplication for test class com.example.authority.service.impl.JWTServiceTest
21:50:19.732 [main] DEBUG org.springframework.boot.test.context.SpringBootTestContextBootstrapper - @TestExecutionListeners is not present for class [com.example.authority.service.impl.JWTServiceTest]: using defaults.
21:50:19.732 [main] INFO org.springframework.boot.test.context.SpringBootTestContextBootstrapper - Loaded default TestExecutionListener class names from location [META-INF/spring.factories]: [org.springframework.boot.test.mock.mockito.MockitoTestExecutionListener, org.springframework.boot.test.mock.mockito.ResetMocksTestExecutionListener, org.springframework.boot.test.autoconfigure.restdocs.RestDocsTestExecutionListener, org.springframework.boot.test.autoconfigure.web.client.MockRestServiceServerResetTestExecutionListener, org.springframework.boot.test.autoconfigure.web.servlet.MockMvcPrintOnlyOnFailureTestExecutionListener, org.springframework.boot.test.autoconfigure.web.servlet.WebDriverTestExecutionListener, org.springframework.test.context.web.ServletTestExecutionListener, org.springframework.test.context.support.DirtiesContextBeforeModesTestExecutionListener, org.springframework.test.context.support.DependencyInjectionTestExecutionListener, org.springframework.test.context.support.DirtiesContextTestExecutionListener, org.springframework.test.context.transaction.TransactionalTestExecutionListener, org.springframework.test.context.jdbc.SqlScriptsTestExecutionListener, org.springframework.test.context.event.EventPublishingTestExecutionListener]
21:50:19.732 [main] INFO org.springframework.boot.test.context.SpringBootTestContextBootstrapper - Using TestExecutionListeners: [org.springframework.test.context.web.ServletTestExecutionListener@5829e4f4, org.springframework.test.context.support.DirtiesContextBeforeModesTestExecutionListener@4218500f, org.springframework.boot.test.mock.mockito.MockitoTestExecutionListener@4bff64c2, org.springframework.boot.test.autoconfigure.SpringBootDependencyInjectionTestExecutionListener@1b2c4efb, org.springframework.test.context.support.DirtiesContextTestExecutionListener@c35172e, org.springframework.test.context.transaction.TransactionalTestExecutionListener@c2db68f, org.springframework.test.context.jdbc.SqlScriptsTestExecutionListener@3cc41abc, org.springframework.test.context.event.EventPublishingTestExecutionListener@4566d049, org.springframework.boot.test.mock.mockito.ResetMocksTestExecutionListener@61ce23ac, org.springframework.boot.test.autoconfigure.restdocs.RestDocsTestExecutionListener@3668d4, org.springframework.boot.test.autoconfigure.web.client.MockRestServiceServerResetTestExecutionListener@1c3b9394, org.springframework.boot.test.autoconfigure.web.servlet.MockMvcPrintOnlyOnFailureTestExecutionListener@6f2cfcc2, org.springframework.boot.test.autoconfigure.web.servlet.WebDriverTestExecutionListener@7f6f61c8]
21:50:19.732 [main] DEBUG org.springframework.test.annotation.ProfileValueUtils - Retrieved @ProfileValueSourceConfiguration [null] for test class [com.example.authority.service.impl.JWTServiceTest]
21:50:19.732 [main] DEBUG org.springframework.test.annotation.ProfileValueUtils - Retrieved ProfileValueSource type [class org.springframework.test.annotation.SystemProfileValueSource] for class [com.example.authority.service.impl.JWTServiceTest]
21:50:19.732 [main] DEBUG org.springframework.test.context.junit4.SpringJUnit4ClassRunner - SpringJUnit4ClassRunner constructor called with [class com.example.authority.service.RSATest]
21:50:19.732 [main] DEBUG org.springframework.test.context.BootstrapUtils - Instantiating CacheAwareContextLoaderDelegate from class [org.springframework.test.context.cache.DefaultCacheAwareContextLoaderDelegate]
21:50:19.748 [main] DEBUG org.springframework.test.context.BootstrapUtils - Instantiating BootstrapContext using constructor [public org.springframework.test.context.support.DefaultBootstrapContext(java.lang.Class,org.springframework.test.context.CacheAwareContextLoaderDelegate)]
21:50:19.748 [main] DEBUG org.springframework.test.context.BootstrapUtils - Instantiating TestContextBootstrapper for test class [com.example.authority.service.RSATest] from class [org.springframework.boot.test.context.SpringBootTestContextBootstrapper]
21:50:19.748 [main] INFO org.springframework.boot.test.context.SpringBootTestContextBootstrapper - Neither @ContextConfiguration nor @ContextHierarchy found for test class [com.example.authority.service.RSATest], using SpringBootContextLoader
21:50:19.750 [main] DEBUG org.springframework.test.context.support.AbstractContextLoader - Did not detect default resource location for test class [com.example.authority.service.RSATest]: class path resource [com/example/authority/service/RSATest-context.xml] does not exist
21:50:19.750 [main] DEBUG org.springframework.test.context.support.AbstractContextLoader - Did not detect default resource location for test class [com.example.authority.service.RSATest]: class path resource [com/example/authority/service/RSATestContext.groovy] does not exist
21:50:19.750 [main] INFO org.springframework.test.context.support.AbstractContextLoader - Could not detect default resource locations for test class [com.example.authority.service.RSATest]: no resource found for suffixes {-context.xml, Context.groovy}.
21:50:19.750 [main] INFO org.springframework.test.context.support.AnnotationConfigContextLoaderUtils - Could not detect default configuration classes for test class [com.example.authority.service.RSATest]: RSATest does not declare any static, non-private, non-final, nested classes annotated with @Configuration.
21:50:19.750 [main] DEBUG org.springframework.test.context.support.ActiveProfilesUtils - Could not find an 'annotation declaring class' for annotation type [org.springframework.test.context.ActiveProfiles] and class [com.example.authority.service.RSATest]
21:50:19.750 [main] INFO org.springframework.boot.test.context.SpringBootTestContextBootstrapper - Found @SpringBootConfiguration com.example.authority.AuthorityCenterApplication for test class com.example.authority.service.RSATest
21:50:19.750 [main] DEBUG org.springframework.boot.test.context.SpringBootTestContextBootstrapper - @TestExecutionListeners is not present for class [com.example.authority.service.RSATest]: using defaults.
21:50:19.750 [main] INFO org.springframework.boot.test.context.SpringBootTestContextBootstrapper - Loaded default TestExecutionListener class names from location [META-INF/spring.factories]: [org.springframework.boot.test.mock.mockito.MockitoTestExecutionListener, org.springframework.boot.test.mock.mockito.ResetMocksTestExecutionListener, org.springframework.boot.test.autoconfigure.restdocs.RestDocsTestExecutionListener, org.springframework.boot.test.autoconfigure.web.client.MockRestServiceServerResetTestExecutionListener, org.springframework.boot.test.autoconfigure.web.servlet.MockMvcPrintOnlyOnFailureTestExecutionListener, org.springframework.boot.test.autoconfigure.web.servlet.WebDriverTestExecutionListener, org.springframework.test.context.web.ServletTestExecutionListener, org.springframework.test.context.support.DirtiesContextBeforeModesTestExecutionListener, org.springframework.test.context.support.DependencyInjectionTestExecutionListener, org.springframework.test.context.support.DirtiesContextTestExecutionListener, org.springframework.test.context.transaction.TransactionalTestExecutionListener, org.springframework.test.context.jdbc.SqlScriptsTestExecutionListener, org.springframework.test.context.event.EventPublishingTestExecutionListener]
21:50:19.750 [main] INFO org.springframework.boot.test.context.SpringBootTestContextBootstrapper - Using TestExecutionListeners: [org.springframework.test.context.web.ServletTestExecutionListener@4c2cc639, org.springframework.test.context.support.DirtiesContextBeforeModesTestExecutionListener@ccb4b1b, org.springframework.boot.test.mock.mockito.MockitoTestExecutionListener@4097cac, org.springframework.boot.test.autoconfigure.SpringBootDependencyInjectionTestExecutionListener@ec2cc4, org.springframework.test.context.support.DirtiesContextTestExecutionListener@2a5b3fee, org.springframework.test.context.transaction.TransactionalTestExecutionListener@7c1e2a2d, org.springframework.test.context.jdbc.SqlScriptsTestExecutionListener@333dd51e, org.springframework.test.context.event.EventPublishingTestExecutionListener@52d645b1, org.springframework.boot.test.mock.mockito.ResetMocksTestExecutionListener@2101b44a, org.springframework.boot.test.autoconfigure.restdocs.RestDocsTestExecutionListener@2cc3ad05, org.springframework.boot.test.autoconfigure.web.client.MockRestServiceServerResetTestExecutionListener@710b18a6, org.springframework.boot.test.autoconfigure.web.servlet.MockMvcPrintOnlyOnFailureTestExecutionListener@119020fb, org.springframework.boot.test.autoconfigure.web.servlet.WebDriverTestExecutionListener@3d9f6567]
21:50:19.750 [main] DEBUG org.springframework.test.annotation.ProfileValueUtils - Retrieved @ProfileValueSourceConfiguration [null] for test class [com.example.authority.service.RSATest]
21:50:19.750 [main] DEBUG org.springframework.test.annotation.ProfileValueUtils - Retrieved ProfileValueSource type [class org.springframework.test.annotation.SystemProfileValueSource] for class [com.example.authority.service.RSATest]
21:50:19.816 [main] DEBUG org.springframework.test.annotation.ProfileValueUtils - Retrieved @ProfileValueSourceConfiguration [null] for test class [com.example.authority.AuthorityCenterApplicationTest]
21:50:19.816 [main] DEBUG org.springframework.test.annotation.ProfileValueUtils - Retrieved ProfileValueSource type [class org.springframework.test.annotation.SystemProfileValueSource] for class [com.example.authority.AuthorityCenterApplicationTest]
21:50:19.816 [main] DEBUG org.springframework.test.annotation.ProfileValueUtils - Retrieved @ProfileValueSourceConfiguration [null] for test class [com.example.authority.AuthorityCenterApplicationTest]
21:50:19.816 [main] DEBUG org.springframework.test.annotation.ProfileValueUtils - Retrieved ProfileValueSource type [class org.springframework.test.annotation.SystemProfileValueSource] for class [com.example.authority.AuthorityCenterApplicationTest]
21:50:19.816 [main] DEBUG org.springframework.test.annotation.ProfileValueUtils - Retrieved @ProfileValueSourceConfiguration [null] for test class [com.example.authority.AuthorityCenterApplicationTest]
21:50:19.816 [main] DEBUG org.springframework.test.annotation.ProfileValueUtils - Retrieved ProfileValueSource type [class org.springframework.test.annotation.SystemProfileValueSource] for class [com.example.authority.AuthorityCenterApplicationTest]
21:50:19.831 [main] DEBUG org.springframework.test.context.support.AbstractDirtiesContextTestExecutionListener - Before test class: context [DefaultTestContext@4fbda97b testClass = AuthorityCenterApplicationTest, testInstance = [null], testMethod = [null], testException = [null], mergedContextConfiguration = [WebMergedContextConfiguration@75f5fd58 testClass = AuthorityCenterApplicationTest, locations = '{}', classes = '{class com.example.authority.AuthorityCenterApplication}', contextInitializerClasses = '[]', activeProfiles = '{}', propertySourceLocations = '{}', propertySourceProperties = '{org.springframework.boot.test.context.SpringBootTestContextBootstrapper=true}', contextCustomizers = set[org.springframework.boot.test.context.filter.ExcludeFilterContextCustomizer@6b09fb41, org.springframework.boot.test.json.DuplicateJsonObjectContextCustomizerFactory$DuplicateJsonObjectContextCustomizer@782859e, org.springframework.boot.test.mock.mockito.MockitoContextCustomizer@0, org.springframework.boot.test.web.client.TestRestTemplateContextCustomizer@1b919693, org.springframework.boot.test.autoconfigure.properties.PropertyMappingContextCustomizer@0, org.springframework.boot.test.autoconfigure.web.servlet.WebDriverContextCustomizerFactory$Customizer@1f9f6368], resourceBasePath = 'src/main/webapp', contextLoader = 'org.springframework.boot.test.context.SpringBootContextLoader', parent = [null]], attributes = map['org.springframework.test.context.web.ServletTestExecutionListener.activateListener' -> true]], class annotated with @DirtiesContext [false] with mode [null].
21:50:19.831 [main] DEBUG org.springframework.test.annotation.ProfileValueUtils - Retrieved @ProfileValueSourceConfiguration [null] for test class [com.example.authority.AuthorityCenterApplicationTest]
21:50:19.831 [main] DEBUG org.springframework.test.annotation.ProfileValueUtils - Retrieved ProfileValueSource type [class org.springframework.test.annotation.SystemProfileValueSource] for class [com.example.authority.AuthorityCenterApplicationTest]
21:50:19.847 [main] DEBUG org.springframework.test.context.support.TestPropertySourceUtils - Adding inlined properties to environment: {spring.jmx.enabled=false, org.springframework.boot.test.context.SpringBootTestContextBootstrapper=true, server.port=-1}

  .   ____          _            __ _ _
 /\\ / ___'_ __ _ _(_)_ __  __ _ \ \ \ \
( ( )\___ | '_ | '_| | '_ \/ _` | \ \ \ \
 \\/  ___)| |_)| | | | | || (_| |  ) ) ) )
  '  |____| .__|_| |_|_| |_\__, | / / / /
 =========|_|==============|___/=/_/_/_/
 :: Spring Boot ::        (v2.2.5.RELEASE)

2023-04-07 21:50:21.754  INFO 110924 --- [           main] c.a.n.c.c.impl.LocalConfigInfoProcessor  : LOCAL_SNAPSHOT_PATH:C:\Users\word\nacos\config
2023-04-07 21:50:21.785  INFO 110924 --- [           main] c.a.nacos.client.config.impl.Limiter     : limitTime:5.0
2023-04-07 21:50:22.235  WARN 110924 --- [           main] c.a.c.n.c.NacosPropertySourceBuilder     : Ignore the empty nacos configuration and get it based on dataId[authority-center] & group[DEFAULT_GROUP]
2023-04-07 21:50:22.235  WARN 110924 --- [           main] c.a.c.n.c.NacosPropertySourceBuilder     : Ignore the empty nacos configuration and get it based on dataId[authority-center.properties] & group[DEFAULT_GROUP]
2023-04-07 21:50:22.235  WARN 110924 --- [           main] c.a.c.n.c.NacosPropertySourceBuilder     : Ignore the empty nacos configuration and get it based on dataId[authority-center-dev.properties] & group[DEFAULT_GROUP]
2023-04-07 21:50:22.235  INFO 110924 --- [           main] b.c.PropertySourceBootstrapConfiguration : Located property source: [BootstrapPropertySource {name='bootstrapProperties-authority-center-dev.properties,DEFAULT_GROUP'}, BootstrapPropertySource {name='bootstrapProperties-authority-center.properties,DEFAULT_GROUP'}, BootstrapPropertySource {name='bootstrapProperties-authority-center,DEFAULT_GROUP'}]
2023-04-07 21:50:22.250  INFO 110924 --- [           main] c.e.a.AuthorityCenterApplicationTest     : The following profiles are active: dev
2023-04-07 21:50:22.859  WARN 110924 --- [           main] o.s.boot.actuate.endpoint.EndpointId     : Endpoint ID 'nacos-config' contains invalid characters, please migrate to a valid format.
2023-04-07 21:50:22.870  WARN 110924 --- [           main] o.s.boot.actuate.endpoint.EndpointId     : Endpoint ID 'nacos-discovery' contains invalid characters, please migrate to a valid format.
2023-04-07 21:50:23.166  WARN 110924 --- [           main] o.s.boot.actuate.endpoint.EndpointId     : Endpoint ID 'service-registry' contains invalid characters, please migrate to a valid format.
2023-04-07 21:50:23.336  INFO 110924 --- [           main] o.s.cloud.context.scope.GenericScope     : BeanFactory id=2bb0e61f-405b-37a9-862a-c569a949e00d
2023-04-07 21:50:24.255  WARN 110924 --- [           main] c.n.c.sources.URLConfigurationSource     : No URLs will be polled as dynamic configuration sources.
2023-04-07 21:50:24.255  INFO 110924 --- [           main] c.n.c.sources.URLConfigurationSource     : To enable URLs as dynamic configuration sources, define System property archaius.configurationSource.additionalUrls or make config.properties available on classpath.
2023-04-07 21:50:24.255  WARN 110924 --- [           main] c.n.c.sources.URLConfigurationSource     : No URLs will be polled as dynamic configuration sources.
2023-04-07 21:50:24.255  INFO 110924 --- [           main] c.n.c.sources.URLConfigurationSource     : To enable URLs as dynamic configuration sources, define System property archaius.configurationSource.additionalUrls or make config.properties available on classpath.
2023-04-07 21:50:24.653  INFO 110924 --- [           main] o.s.s.concurrent.ThreadPoolTaskExecutor  : Initializing ExecutorService 'applicationTaskExecutor'
2023-04-07 21:50:25.492  INFO 110924 --- [           main] o.s.s.c.ThreadPoolTaskScheduler          : Initializing ExecutorService 'Nacso-Watch-Task-Scheduler'
2023-04-07 21:50:25.514  INFO 110924 --- [           main] com.alibaba.nacos.client.naming          : initializer namespace from System Property :null
2023-04-07 21:50:25.514  INFO 110924 --- [           main] com.alibaba.nacos.client.naming          : initializer namespace from System Environment :null
2023-04-07 21:50:25.514  INFO 110924 --- [           main] com.alibaba.nacos.client.naming          : initializer namespace from System Property :null
2023-04-07 21:50:26.699  INFO 110924 --- [           main] o.s.b.a.e.web.EndpointLinksResolver      : Exposing 19 endpoint(s) beneath base path '/actuator'
2023-04-07 21:50:26.770  INFO 110924 --- [           main] c.e.a.AuthorityCenterApplicationTest     : Started AuthorityCenterApplicationTest in 6.907 seconds (JVM running for 8.161)
2023-04-07 21:50:26.821  INFO 110924 --- [           main] c.a.n.client.config.impl.ClientWorker    : [fixed-localhost_8848] [subscribe] authority-center+DEFAULT_GROUP
2023-04-07 21:50:26.821  INFO 110924 --- [           main] c.a.nacos.client.config.impl.CacheData   : [fixed-localhost_8848] [add-listener] ok, tenant=, dataId=authority-center, group=DEFAULT_GROUP, cnt=1
2023-04-07 21:50:26.821  INFO 110924 --- [           main] c.a.n.client.config.impl.ClientWorker    : [fixed-localhost_8848] [subscribe] authority-center.properties+DEFAULT_GROUP
2023-04-07 21:50:26.821  INFO 110924 --- [           main] c.a.nacos.client.config.impl.CacheData   : [fixed-localhost_8848] [add-listener] ok, tenant=, dataId=authority-center.properties, group=DEFAULT_GROUP, cnt=1
2023-04-07 21:50:26.821  INFO 110924 --- [           main] c.a.n.client.config.impl.ClientWorker    : [fixed-localhost_8848] [subscribe] authority-center-dev.properties+DEFAULT_GROUP
2023-04-07 21:50:26.821  INFO 110924 --- [           main] c.a.nacos.client.config.impl.CacheData   : [fixed-localhost_8848] [add-listener] ok, tenant=, dataId=authority-center-dev.properties, group=DEFAULT_GROUP, cnt=1
2023-04-07 21:50:26.842  INFO 110924 --- [-localhost_8848] c.a.n.client.config.impl.ClientWorker    : get changedGroupKeys:[]
2023-04-07 21:50:27.234  INFO 110924 --- [           main] com.zaxxer.hikari.HikariDataSource       : HikariPool-1 - Starting...
2023-04-07 21:50:27.635  INFO 110924 --- [           main] com.zaxxer.hikari.HikariDataSource       : HikariPool-1 - Start completed.
]]></system-out>
  </testcase>
  <testcase name="rSATest" classname="com.example.authority.AuthorityCenterApplicationTest" time="0"/>
</testsuite>